<?xml version="1.0" encoding="UTF-8"?>
<testng-results ignored="0" total="1" passed="1" failed="0" skipped="0">
  <reporter-output>
  </reporter-output>
  <suite started-at="2024-07-31T11:30:24 IST" name="Default suite" finished-at="2024-07-31T11:30:33 IST" duration-ms="9146">
    <groups>
    </groups>
    <test started-at="2024-07-31T11:30:24 IST" name="Default test" finished-at="2024-07-31T11:30:33 IST" duration-ms="9146">
      <class name="testCases.Tc_001_AccountRegisterTest">
        <test-method is-config="true" signature="setup()[pri:0, instance:testCases.Tc_001_AccountRegisterTest@6d763516]" started-at="2024-07-31T11:30:24 IST" name="setup" finished-at="2024-07-31T11:30:30 IST" duration-ms="5377" status="PASS">
          <reporter-output>
          </reporter-output>
        </test-method> <!-- setup -->
        <test-method signature="RegisterTest()[pri:0, instance:testCases.Tc_001_AccountRegisterTest@6d763516]" started-at="2024-07-31T11:30:30 IST" name="RegisterTest" finished-at="2024-07-31T11:30:33 IST" duration-ms="3515" status="PASS">
          <reporter-output>
          </reporter-output>
        </test-method> <!-- RegisterTest -->
        <test-method is-config="true" signature="tearDown()[pri:0, instance:testCases.Tc_001_AccountRegisterTest@6d763516]" started-at="2024-07-31T11:30:33 IST" name="tearDown" finished-at="2024-07-31T11:30:33 IST" duration-ms="163" status="PASS">
          <reporter-output>
          </reporter-output>
        </test-method> <!-- tearDown -->
      </class> <!-- testCases.Tc_001_AccountRegisterTest -->
    </test> <!-- Default test -->
  </suite> <!-- Default suite -->
</testng-results>
